# 开发日志

## 2024-11-30
### 项目需求分析
1. 界面设计规范
   - 颜色系统确定
     - 主色：#1989fa（蓝色）- 今日工作安排边框、进行中状态
     - 警示色：#ff9800（橙色）- 待办工单边框、待处理状态
     - 中性色：
       - 背景：#f7f8fa
       - 文字：#333/#666/#999
       - 分割线：#eee

2. 页面结构分析
   - 工程师工作台
     - 今日工作安排区域
       - [x] 标题栏（图标 + 标题 + 工单数量）
       - [x] 工单列表
         - 工单卡片组件（工单号、状态、预约时间、工单信息、操作按钮）
     - 待办工单区域
       - [x] 标题栏（图标 + 标题 + 工单数量）
       - [x] 工单列表
         - 工单卡片（工单号、状态、工单信息、操作按钮）

   - 管理员界面
     - [x] 工单管理页面
     - [x] 工单分配页面
     - [x] 工单改派页面
     - [x] 数据统计页面

### 开发进展
1. 项目初始化
   - [x] 创建标准目录结构
   - [x] 配置基础开发环境
   - [x] 集成 Vant Weapp 组件库

2. 组件开发
   - [ ] 工单卡片组件
     - 视觉层级划分：
       - 主要信息（高对比度）：状态标签、预约时间、客户名称、操作按钮
       - 次要信息（中等对比度）：设备型号、故障描述、地点信息
       - 辅助信息（低对比度）：工单号、标签文字

3. 页面开发
   - [ ] 登录页面
   - [ ] 工程师工作台
   - [ ] 管理员首页

### 问题记录
1. 待确认事项
   - [ ] 工单状态流转的具体逻辑
   - [ ] 工单分配规则
   - [ ] 改派功能的权限控制
   - [ ] 统计数据的具体需求

2. 技术难点
   - [ ] 工单实时状态更新机制
   - [ ] 图片上传和压缩
   - [ ] 页面性能优化

### 下一步计划
1. 完成基础组件开发
   - 工单卡片组件
   - 状态标签组件
   - 操作按钮组件

2. 开发核心页面
   - 登录页面
   - 工程师工作台
   - 管理员工作台

3. 实现核心功能
   - 工单管理流程
   - 工单分配机制
   - 状态更新机制

### 风险评估
1. 性能风险
   - 工单列表数据量大
   - 图片加载优化
   - 实时更新性能

2. 用户体验风险
   - 复杂操作流程
   - 状态切换延迟
   - 离线功能支持

### 备注
- 项目版本：v0.1.7
- 开发语言：JavaScript
- 开源协议：Apache-2.0
- 预计完成时间：2024-11-27

### 今日完成工作
1. 项目基础搭建
   - [x] 创建项目目录结构
   - [x] 配置开发环境
   - [x] 添加必要的工具类和服务

2. 样式系统搭建
   - [x] 配置全局样式变量
   - [x] 设置主题色系
   - [x] 定义字体和间距规范

3. 组件库集成
   - [x] 安装 Vant Weapp
   - [x] 配置全局组件
   - [x] 测试组件可用性

### 明日工作计划
1. 开发基础组件
   - [ ] 工单卡片组件开发
   - [ ] 状态标签组件开发
   - [ ] 操作按钮组件开发

2. 开始页面开发
   - [ ] 登录页面布局和样式
   - [ ] 工程师工作台框架搭建
   - [ ] 管理员首页框架搭建

3. 文档完善
   - [ ] 补充组件使用文档
   - [ ] 更新开发规范
   - [ ] 完善接口文档