  ### 今日完成工作
  1. 项目基础搭建
     - [x] 创建项目目录结构
     - [x] 配置开发环境
     - [x] 添加必要的工具类和服务
  2. 资源文件管理
     - [x] 创建图片资源目录
     - [x] 添加 logo 图片
     - [ ] 添加 tabBar 图标
       - [ ] 工作台图标（默认态和选中态）
       - [ ] 工单管理图标（默认态和选中态）
       - [ ] 统计图标（默认态和选中态）
  3. 数据模型设计
     - [x] 创建数据目录结构
     - [x] 工程师数据模型
       - [x] 技能等级枚举
       - [x] 技能方向枚举
       - [x] 工程师基础信息
       - [x] 工程师查询方法
     - [x] 设备数据模型
       - [x] 设备类型枚举
       - [x] 设备状态枚举
       - [x] 设备基础信息
       - [x] 设备查询方法
     - [x] 统一数据类型定义
       - [x] 数据类型枚举
       - [x] 状态类型枚举
       - [x] 工单状态枚举
  3. 目录结构优化
     - [x] 重组管理员模块目录
       - [x] 工程师模块拆分
       - [x] 工单模块拆分
       - [x] 统计模块拆分
       - [x] 设置模块拆分
     - [x] 更新页面路由配置
     - [x] 更新页面跳转逻辑

  ### 待办事项
  1. 数据模型完善
     - [ ] 工单数据模型
     - [ ] 维护记录数据模型
     - [ ] 用户数据模型

  ### 问题记录
  1. 数据结构设计
     - [x] 工程师技能体系设计
     - [x] 设备分类体系设计
     - [ ] 工单流转状态设计

  ### 下一步计划
  1. 完善数据模型
     - [ ] 添加工单相关数据
     - [ ] 添加维护记录数据
     - [ ] 添加用户权限数据
  2. 开发核心功能
     - [ ] 工单管理
     - [ ] 工程师管理
     - [ ] 设备管理